<?xml version="1.0" encoding="UTF-8" ?>
<testsuite tests="2" failures="0" name="com.mobile.ontology.client.GwtTestmobilephone" time="13.324" errors="0" skipped="0">
  <properties>
    <property name="java.runtime.name" value="Java(TM) SE Runtime Environment"/>
    <property name="sun.boot.library.path" value="/Library/Java/JavaVirtualMachines/jdk1.8.0_131.jdk/Contents/Home/jre/lib"/>
    <property name="java.vm.version" value="25.131-b11"/>
    <property name="user.country.format" value="IN"/>
    <property name="gopherProxySet" value="false"/>
    <property name="org.w3c.css.sac.parser" value="com.steadystate.css.parser.SACParserCSS3"/>
    <property name="java.vm.vendor" value="Oracle Corporation"/>
    <property name="java.vendor.url" value="http://java.oracle.com/"/>
    <property name="path.separator" value=":"/>
    <property name="java.vm.name" value="Java HotSpot(TM) 64-Bit Server VM"/>
    <property name="file.encoding.pkg" value="sun.io"/>
    <property name="user.country" value="US"/>
    <property name="sun.java.launcher" value="SUN_STANDARD"/>
    <property name="sun.os.patch.level" value="unknown"/>
    <property name="surefire.reports" value="/Users/shreya/Desktop/mobilephone/target/surefire-reports"/>
    <property name="java.vm.specification.name" value="Java Virtual Machine Specification"/>
    <property name="user.dir" value="/Users/shreya/Desktop/mobilephone"/>
    <property name="java.runtime.version" value="1.8.0_131-b11"/>
    <property name="java.awt.graphicsenv" value="sun.awt.CGraphicsEnvironment"/>
    <property name="java.endorsed.dirs" value="/Library/Java/JavaVirtualMachines/jdk1.8.0_131.jdk/Contents/Home/jre/lib/endorsed"/>
    <property name="os.arch" value="x86_64"/>
    <property name="java.io.tmpdir" value="/var/folders/6b/hzg1kygn4t9g3vln7lrbzf440000gn/T/"/>
    <property name="line.separator" value="
"/>
    <property name="java.vm.specification.vendor" value="Oracle Corporation"/>
    <property name="os.name" value="Mac OS X"/>
    <property name="com.apple.eawt.CocoaComponent.CompatibilityMode" value="false"/>
    <property name="sun.jnu.encoding" value="UTF-8"/>
    <property name="java.library.path" value="/Users/shreya/Library/Java/Extensions:/Library/Java/Extensions:/Network/Library/Java/Extensions:/System/Library/Java/Extensions:/usr/lib/java:."/>
    <property name="gwt.args" value="-war /Users/shreya/Desktop/mobilephone/target/www-test -logLevel INFO -devMode -nocheckAssertions -XclusterFunctions -XcheckCasts -XclassMetadata -XcodeSplitting -nodraftCompile -XinlineLiteralParameters -XoptimizeDataflow -XordinalizeEnums -XremoveDuplicateFunctions -noshowUi -sourceLevel 1.8 -testBeginTimeout 1 -testMethodTimeout 5 -Xtries 1 -noincremental -precompile simple -runStyle HtmlUnit:FF38"/>
    <property name="java.specification.name" value="Java Platform API Specification"/>
    <property name="java.class.version" value="52.0"/>
    <property name="sun.management.compiler" value="HotSpot 64-Bit Tiered Compilers"/>
    <property name="os.version" value="10.12.4"/>
    <property name="user.home" value="/Users/shreya"/>
    <property name="user.timezone" value="Asia/Kolkata"/>
    <property name="java.awt.printerjob" value="sun.lwawt.macosx.CPrinterJob"/>
    <property name="java.specification.version" value="1.8"/>
    <property name="file.encoding" value="UTF-8"/>
    <property name="user.name" value="shreya"/>
    <property name="java.class.path" value="/Users/shreya/Desktop/mobilephone/target/mobilephone-1.0-SNAPSHOT/WEB-INF/classes:/Users/shreya/Desktop/mobilephone/src/main/java:/Users/shreya/Desktop/mobilephone/target/generated-sources/gwt:/Users/shreya/Desktop/mobilephone/src/test/java:/Users/shreya/Desktop/mobilephone/src/test/resources:/Users/shreya/Desktop/mobilephone/target/test-classes:/Users/shreya/.m2/repository/com/google/gwt/gwt-servlet/2.8.1/gwt-servlet-2.8.1.jar:/Users/shreya/.m2/repository/com/google/gwt/gwt-user/2.8.1/gwt-user-2.8.1.jar:/Users/shreya/.m2/repository/com/google/jsinterop/jsinterop-annotations/1.0.1/jsinterop-annotations-1.0.1.jar:/Users/shreya/.m2/repository/com/google/jsinterop/jsinterop-annotations/1.0.1/jsinterop-annotations-1.0.1-sources.jar:/Users/shreya/.m2/repository/javax/validation/validation-api/1.0.0.GA/validation-api-1.0.0.GA.jar:/Users/shreya/.m2/repository/javax/validation/validation-api/1.0.0.GA/validation-api-1.0.0.GA-sources.jar:/Users/shreya/.m2/repository/javax/servlet/javax.servlet-api/3.1.0/javax.servlet-api-3.1.0.jar:/Users/shreya/.m2/repository/org/w3c/css/sac/1.3/sac-1.3.jar:/Users/shreya/.m2/repository/com/google/gwt/gwt-dev/2.8.1/gwt-dev-2.8.1.jar:/Users/shreya/.m2/repository/com/google/code/gson/gson/2.6.2/gson-2.6.2.jar:/Users/shreya/.m2/repository/org/ow2/asm/asm/5.0.3/asm-5.0.3.jar:/Users/shreya/.m2/repository/org/ow2/asm/asm-util/5.0.3/asm-util-5.0.3.jar:/Users/shreya/.m2/repository/org/ow2/asm/asm-tree/5.0.3/asm-tree-5.0.3.jar:/Users/shreya/.m2/repository/org/ow2/asm/asm-commons/5.0.3/asm-commons-5.0.3.jar:/Users/shreya/.m2/repository/colt/colt/1.2.0/colt-1.2.0.jar:/Users/shreya/.m2/repository/ant/ant/1.6.5/ant-1.6.5.jar:/Users/shreya/.m2/repository/commons-collections/commons-collections/3.2.2/commons-collections-3.2.2.jar:/Users/shreya/.m2/repository/commons-io/commons-io/2.4/commons-io-2.4.jar:/Users/shreya/.m2/repository/com/ibm/icu/icu4j/50.1.1/icu4j-50.1.1.jar:/Users/shreya/.m2/repository/tapestry/tapestry/4.0.2/tapestry-4.0.2.jar:/Users/shreya/.m2/repository/net/sourceforge/htmlunit/htmlunit/2.19/htmlunit-2.19.jar:/Users/shreya/.m2/repository/xalan/xalan/2.7.2/xalan-2.7.2.jar:/Users/shreya/.m2/repository/xalan/serializer/2.7.2/serializer-2.7.2.jar:/Users/shreya/.m2/repository/org/apache/commons/commons-lang3/3.4/commons-lang3-3.4.jar:/Users/shreya/.m2/repository/org/apache/httpcomponents/httpclient/4.5.1/httpclient-4.5.1.jar:/Users/shreya/.m2/repository/org/apache/httpcomponents/httpcore/4.4.3/httpcore-4.4.3.jar:/Users/shreya/.m2/repository/org/apache/httpcomponents/httpmime/4.5.1/httpmime-4.5.1.jar:/Users/shreya/.m2/repository/commons-codec/commons-codec/1.10/commons-codec-1.10.jar:/Users/shreya/.m2/repository/net/sourceforge/htmlunit/htmlunit-core-js/2.17/htmlunit-core-js-2.17.jar:/Users/shreya/.m2/repository/xerces/xercesImpl/2.11.0/xercesImpl-2.11.0.jar:/Users/shreya/.m2/repository/xml-apis/xml-apis/1.4.01/xml-apis-1.4.01.jar:/Users/shreya/.m2/repository/net/sourceforge/nekohtml/nekohtml/1.9.22/nekohtml-1.9.22.jar:/Users/shreya/.m2/repository/net/sourceforge/cssparser/cssparser/0.9.18/cssparser-0.9.18.jar:/Users/shreya/.m2/repository/commons-logging/commons-logging/1.2/commons-logging-1.2.jar:/Users/shreya/.m2/repository/org/eclipse/jetty/websocket/websocket-client/9.2.13.v20150730/websocket-client-9.2.13.v20150730.jar:/Users/shreya/.m2/repository/org/eclipse/jetty/websocket/websocket-common/9.2.14.v20151106/websocket-common-9.2.14.v20151106.jar:/Users/shreya/.m2/repository/org/eclipse/jetty/websocket/websocket-api/9.2.14.v20151106/websocket-api-9.2.14.v20151106.jar:/Users/shreya/.m2/repository/org/eclipse/jetty/jetty-webapp/9.2.14.v20151106/jetty-webapp-9.2.14.v20151106.jar:/Users/shreya/.m2/repository/org/eclipse/jetty/jetty-xml/9.2.14.v20151106/jetty-xml-9.2.14.v20151106.jar:/Users/shreya/.m2/repository/org/eclipse/jetty/jetty-servlet/9.2.14.v20151106/jetty-servlet-9.2.14.v20151106.jar:/Users/shreya/.m2/repository/org/eclipse/jetty/jetty-security/9.2.14.v20151106/jetty-security-9.2.14.v20151106.jar:/Users/shreya/.m2/repository/org/eclipse/jetty/jetty-servlets/9.2.14.v20151106/jetty-servlets-9.2.14.v20151106.jar:/Users/shreya/.m2/repository/org/eclipse/jetty/jetty-continuation/9.2.14.v20151106/jetty-continuation-9.2.14.v20151106.jar:/Users/shreya/.m2/repository/org/eclipse/jetty/jetty-http/9.2.14.v20151106/jetty-http-9.2.14.v20151106.jar:/Users/shreya/.m2/repository/org/eclipse/jetty/jetty-util/9.2.14.v20151106/jetty-util-9.2.14.v20151106.jar:/Users/shreya/.m2/repository/org/eclipse/jetty/jetty-io/9.2.14.v20151106/jetty-io-9.2.14.v20151106.jar:/Users/shreya/.m2/repository/org/eclipse/jetty/jetty-annotations/9.2.14.v20151106/jetty-annotations-9.2.14.v20151106.jar:/Users/shreya/.m2/repository/org/eclipse/jetty/jetty-plus/9.2.14.v20151106/jetty-plus-9.2.14.v20151106.jar:/Users/shreya/.m2/repository/org/eclipse/jetty/jetty-jndi/9.2.14.v20151106/jetty-jndi-9.2.14.v20151106.jar:/Users/shreya/.m2/repository/javax/annotation/javax.annotation-api/1.2/javax.annotation-api-1.2.jar:/Users/shreya/.m2/repository/org/eclipse/jetty/apache-jsp/9.2.14.v20151106/apache-jsp-9.2.14.v20151106.jar:/Users/shreya/.m2/repository/org/eclipse/jetty/jetty-server/9.2.14.v20151106/jetty-server-9.2.14.v20151106.jar:/Users/shreya/.m2/repository/org/eclipse/jetty/toolchain/jetty-schemas/3.1.M0/jetty-schemas-3.1.M0.jar:/Users/shreya/.m2/repository/org/mortbay/jasper/apache-jsp/8.0.9.M3/apache-jsp-8.0.9.M3.jar:/Users/shreya/.m2/repository/org/mortbay/jasper/apache-el/8.0.9.M3/apache-el-8.0.9.M3.jar:/Users/shreya/.m2/repository/junit/junit/4.11/junit-4.11.jar:/Users/shreya/.m2/repository/org/hamcrest/hamcrest-core/1.3/hamcrest-core-1.3.jar:/Users/shreya/.m2/repository/net/sourceforge/owlapi/owlapi-distribution/4.3.1/owlapi-distribution-4.3.1.jar:/Users/shreya/.m2/repository/net/sourceforge/owlapi/owlapi-compatibility/4.3.1/owlapi-compatibility-4.3.1.jar:/Users/shreya/.m2/repository/net/sourceforge/owlapi/owlapi-apibinding/4.3.1/owlapi-apibinding-4.3.1.jar:/Users/shreya/.m2/repository/net/sourceforge/owlapi/owlapi-api/4.3.1/owlapi-api-4.3.1.jar:/Users/shreya/.m2/repository/net/sourceforge/owlapi/owlapi-impl/4.3.1/owlapi-impl-4.3.1.jar:/Users/shreya/.m2/repository/net/sourceforge/owlapi/owlapi-parsers/4.3.1/owlapi-parsers-4.3.1.jar:/Users/shreya/.m2/repository/net/sourceforge/owlapi/owlapi-oboformat/4.3.1/owlapi-oboformat-4.3.1.jar:/Users/shreya/.m2/repository/net/sourceforge/owlapi/owlapi-tools/4.3.1/owlapi-tools-4.3.1.jar:/Users/shreya/.m2/repository/net/sourceforge/owlapi/owlapi-fixers/4.3.1/owlapi-fixers-4.3.1.jar:/Users/shreya/.m2/repository/net/sourceforge/owlapi/owlapi-rio/4.3.1/owlapi-rio-4.3.1.jar:/Users/shreya/.m2/repository/com/fasterxml/jackson/core/jackson-core/2.8.5/jackson-core-2.8.5.jar:/Users/shreya/.m2/repository/com/fasterxml/jackson/core/jackson-databind/2.8.5/jackson-databind-2.8.5.jar:/Users/shreya/.m2/repository/com/fasterxml/jackson/core/jackson-annotations/2.8.5/jackson-annotations-2.8.5.jar:/Users/shreya/.m2/repository/org/tukaani/xz/1.6/xz-1.6.jar:/Users/shreya/.m2/repository/org/slf4j/slf4j-api/1.7.22/slf4j-api-1.7.22.jar:/Users/shreya/.m2/repository/org/slf4j/jcl-over-slf4j/1.7.22/jcl-over-slf4j-1.7.22.jar:/Users/shreya/.m2/repository/org/openrdf/sesame/sesame-model/2.7.16/sesame-model-2.7.16.jar:/Users/shreya/.m2/repository/org/openrdf/sesame/sesame-util/2.7.16/sesame-util-2.7.16.jar:/Users/shreya/.m2/repository/org/openrdf/sesame/sesame-rio-api/2.7.16/sesame-rio-api-2.7.16.jar:/Users/shreya/.m2/repository/org/openrdf/sesame/sesame-rio-languages/2.7.16/sesame-rio-languages-2.7.16.jar:/Users/shreya/.m2/repository/org/openrdf/sesame/sesame-rio-datatypes/2.7.16/sesame-rio-datatypes-2.7.16.jar:/Users/shreya/.m2/repository/org/openrdf/sesame/sesame-rio-binary/2.7.16/sesame-rio-binary-2.7.16.jar:/Users/shreya/.m2/repository/org/openrdf/sesame/sesame-rio-n3/2.7.16/sesame-rio-n3-2.7.16.jar:/Users/shreya/.m2/repository/org/openrdf/sesame/sesame-rio-nquads/2.7.16/sesame-rio-nquads-2.7.16.jar:/Users/shreya/.m2/repository/org/openrdf/sesame/sesame-rio-ntriples/2.7.16/sesame-rio-ntriples-2.7.16.jar:/Users/shreya/.m2/repository/org/openrdf/sesame/sesame-rio-rdfjson/2.7.16/sesame-rio-rdfjson-2.7.16.jar:/Users/shreya/.m2/repository/org/openrdf/sesame/sesame-rio-rdfxml/2.7.16/sesame-rio-rdfxml-2.7.16.jar:/Users/shreya/.m2/repository/org/openrdf/sesame/sesame-rio-trix/2.7.16/sesame-rio-trix-2.7.16.jar:/Users/shreya/.m2/repository/org/openrdf/sesame/sesame-rio-turtle/2.7.16/sesame-rio-turtle-2.7.16.jar:/Users/shreya/.m2/repository/org/openrdf/sesame/sesame-rio-trig/2.7.16/sesame-rio-trig-2.7.16.jar:/Users/shreya/.m2/repository/com/github/jsonld-java/jsonld-java-sesame/0.5.1/jsonld-java-sesame-0.5.1.jar:/Users/shreya/.m2/repository/com/github/jsonld-java/jsonld-java/0.5.1/jsonld-java-0.5.1.jar:/Users/shreya/.m2/repository/org/apache/httpcomponents/httpclient-cache/4.2.5/httpclient-cache-4.2.5.jar:/Users/shreya/.m2/repository/org/semarglproject/semargl-sesame/0.7/semargl-sesame-0.7.jar:/Users/shreya/.m2/repository/org/semarglproject/semargl-core/0.7/semargl-core-0.7.jar:/Users/shreya/.m2/repository/org/semarglproject/semargl-rdfa/0.7/semargl-rdfa-0.7.jar:/Users/shreya/.m2/repository/org/semarglproject/semargl-rdf/0.7/semargl-rdf-0.7.jar:/Users/shreya/.m2/repository/net/sf/trove4j/trove4j/3.0.3/trove4j-3.0.3.jar:/Users/shreya/.m2/repository/com/google/guava/guava/20.0/guava-20.0.jar:/Users/shreya/.m2/repository/com/google/inject/guice/4.1.0/guice-4.1.0.jar:/Users/shreya/.m2/repository/javax/inject/javax.inject/1/javax.inject-1.jar:/Users/shreya/.m2/repository/aopalliance/aopalliance/1.0/aopalliance-1.0.jar:/Users/shreya/.m2/repository/com/google/inject/extensions/guice-assistedinject/4.1.0/guice-assistedinject-4.1.0.jar:/Users/shreya/.m2/repository/com/google/inject/extensions/guice-multibindings/4.1.0/guice-multibindings-4.1.0.jar:/Users/shreya/.m2/repository/com/google/code/findbugs/jsr305/3.0.1/jsr305-3.0.1.jar:/Users/shreya/.m2/repository/org/codehaus/mojo/gwt-maven-plugin/2.8.1/gwt-maven-plugin-2.8.1.jar:/Users/shreya/.m2/repository/org/apache/maven/surefire/surefire-api/2.4.3/surefire-api-2.4.3.jar"/>
    <property name="java.vm.specification.version" value="1.8"/>
    <property name="sun.arch.data.model" value="64"/>
    <property name="java.home" value="/Library/Java/JavaVirtualMachines/jdk1.8.0_131.jdk/Contents/Home/jre"/>
    <property name="sun.java.command" value="org.codehaus.mojo.gwt.test.MavenTestRunner com.mobile.ontology.client.GwtTestmobilephone"/>
    <property name="java.specification.vendor" value="Oracle Corporation"/>
    <property name="user.language" value="en"/>
    <property name="awt.toolkit" value="sun.lwawt.macosx.LWCToolkit"/>
    <property name="java.vm.info" value="mixed mode"/>
    <property name="org.eclipse.jetty.xml.XmlParser.Validating" value="false"/>
    <property name="java.version" value="1.8.0_131"/>
    <property name="java.ext.dirs" value="/Users/shreya/Library/Java/Extensions:/Library/Java/JavaVirtualMachines/jdk1.8.0_131.jdk/Contents/Home/jre/lib/ext:/Library/Java/Extensions:/Network/Library/Java/Extensions:/System/Library/Java/Extensions:/usr/lib/java"/>
    <property name="sun.boot.class.path" value="/Library/Java/JavaVirtualMachines/jdk1.8.0_131.jdk/Contents/Home/jre/lib/resources.jar:/Library/Java/JavaVirtualMachines/jdk1.8.0_131.jdk/Contents/Home/jre/lib/rt.jar:/Library/Java/JavaVirtualMachines/jdk1.8.0_131.jdk/Contents/Home/jre/lib/sunrsasign.jar:/Library/Java/JavaVirtualMachines/jdk1.8.0_131.jdk/Contents/Home/jre/lib/jsse.jar:/Library/Java/JavaVirtualMachines/jdk1.8.0_131.jdk/Contents/Home/jre/lib/jce.jar:/Library/Java/JavaVirtualMachines/jdk1.8.0_131.jdk/Contents/Home/jre/lib/charsets.jar:/Library/Java/JavaVirtualMachines/jdk1.8.0_131.jdk/Contents/Home/jre/lib/jfr.jar:/Library/Java/JavaVirtualMachines/jdk1.8.0_131.jdk/Contents/Home/jre/classes"/>
    <property name="java.vendor" value="Oracle Corporation"/>
    <property name="file.separator" value="/"/>
    <property name="java.vendor.url.bug" value="http://bugreport.sun.com/bugreport/"/>
    <property name="sun.cpu.endian" value="little"/>
    <property name="sun.io.unicode.encoding" value="UnicodeBig"/>
    <property name="sun.font.fontmanager" value="sun.font.CFontManager"/>
    <property name="sun.cpu.isalist" value=""/>
  </properties>
  <testcase classname="com.mobile.ontology.client.GwtTestmobilephone" name="testGreetingService" time="13.28"/>
  <testcase classname="com.mobile.ontology.client.GwtTestmobilephone" name="testFieldVerifier" time="0.036"/>
</testsuite>